C51 COMPILER V9.57.0.0   BUZZ                                                              04/22/2020 14:29:19 PAGE 1   


C51 COMPILER V9.57.0.0, COMPILATION OF MODULE BUZZ
OBJECT MODULE PLACED IN buzz.OBJ
COMPILER INVOKED BY: D:\Keil_v5\C51\BIN\C51.EXE buzz.c BROWSE DEBUG OBJECTEXTEND

line level    source

   1          #include<reg52.h>
   2          #define uint unsigned int
   3          #define uchar unsigned char
   4          sbit buzz = P2^0;
   5          void delay(uint xms)
   6          {
   7   1              uint i,j;
   8   1              for(i = xms; i > 0; i--)
   9   1              {
  10   2                      for(j = 250; j > 0; j--)
  11   2                      {
  12   3                              ;
  13   3                      }
  14   2              }
  15   1      }
  16          void main()
  17          {
  18   1              buzz = 1;
  19   1              while(1)
  20   1              {
  21   2                      buzz = !buzz;
  22   2                      delay(10);
  23   2              }
  24   1      }


MODULE INFORMATION:   STATIC OVERLAYABLE
   CODE SIZE        =     43    ----
   CONSTANT SIZE    =   ----    ----
   XDATA SIZE       =   ----    ----
   PDATA SIZE       =   ----    ----
   DATA SIZE        =   ----    ----
   IDATA SIZE       =   ----    ----
   BIT SIZE         =   ----    ----
END OF MODULE INFORMATION.


C51 COMPILATION COMPLETE.  0 WARNING(S),  0 ERROR(S)
