C51 COMPILER V9.57.0.0   LED                                                               04/22/2020 15:16:03 PAGE 1   


C51 COMPILER V9.57.0.0, COMPILATION OF MODULE LED
OBJECT MODULE PLACED IN led.OBJ
COMPILER INVOKED BY: D:\Keil_v5\C51\BIN\C51.EXE led.c BROWSE DEBUG OBJECTEXTEND

line level    source

   1          #include<reg52.h>
   2          #include<intrins.h>
   3          #define uint unsigned int
   4          #define uchar unsigned char
   5          unsigned int a;
   6          uchar led;
   7          void delay()
   8          {
   9   1              uint x,y;
  10   1              for(x=100;x>0;x--)
  11   1              {
  12   2                      for(y=250;y>0;y--)
  13   2                      {
  14   3                               ;
  15   3                      }       
  16   2              }       
  17   1      }
  18          void main()
  19          {
  20   1              led = 0x55;
  21   1              while(1)
  22   1              {
  23   2                      P0 = led;
  24   2                      delay();
  25   2                      led = _crol_(led,1);
  26   2              }
  27   1      }


MODULE INFORMATION:   STATIC OVERLAYABLE
   CODE SIZE        =     51    ----
   CONSTANT SIZE    =   ----    ----
   XDATA SIZE       =   ----    ----
   PDATA SIZE       =   ----    ----
   DATA SIZE        =      3    ----
   IDATA SIZE       =   ----    ----
   BIT SIZE         =   ----    ----
END OF MODULE INFORMATION.


C51 COMPILATION COMPLETE.  0 WARNING(S),  0 ERROR(S)
