C51 COMPILER V9.57.0.0   CLOCK                                                             04/23/2020 18:21:07 PAGE 1   


C51 COMPILER V9.57.0.0, COMPILATION OF MODULE CLOCK
OBJECT MODULE PLACED IN clock.OBJ
COMPILER INVOKED BY: D:\Keil_v5\C51\BIN\C51.EXE clock.c BROWSE DEBUG OBJECTEXTEND

line level    source

   1          #include<reg52.h>
   2          #include<intrins.h>
   3          #define uint unsigned int 
   4          #define uchar unsigned char
   5          sbit dula = P2^6;//段选端
   6          sbit wela = P2^7;//位选端
   7          uchar code table[] = {
   8          0x3f,0x06,0x5b,0x4f,0x66,
   9          0x6d,0x7d,0x07,0x7f,0x6f
  10          };
  11          uint t = 0;
  12          uint num = 0;
  13          void delay(uint xms)
  14          {
  15   1              int i,j;
  16   1              for(i = xms; i > 0; i--)
  17   1              {
  18   2                      for(j = 250; j > 0; j--)
  19   2                      {
  20   3                              ;
  21   3                      }
  22   2              }
  23   1      }
  24          void main()
  25          {
  26   1              uint temp;
  27   1              int i;
  28   1              uchar wei,times[6] = {0};
  29   1              TMOD = 0x01;//设置工作方式
  30   1              TH0 = 15536/256;//获取高八位
  31   1              TL0 = 15536%256;//获取低八位，一次中断为0.05s
  32   1              EA = 1;//开总中断
  33   1              ET0 = 1;//开定时器0
  34   1              TR0 = 1;//启动定时器0
  35   1              while(1)
  36   1              {
  37   2                      temp = num;
  38   2                      i = 5;
  39   2                      while(i)        
  40   2                      {
  41   3                              times[i--] = temp%10;
  42   3                              temp /= 10;
  43   3                      }
  44   2                      wei = 0xdf;
  45   2                      for(i = 5; i >= 0; i--)
  46   2                      {
  47   3                              dula = 1;
  48   3                              P0 = table[times[i]];
  49   3                              dula = 0;
  50   3                              wela = 1;
  51   3                              P0 = wei;
  52   3                              wela = 0;
  53   3                              wei = _crol_(wei,-1);
  54   3                              P0 = 0x00;//消隐
  55   3                              delay(2);
C51 COMPILER V9.57.0.0   CLOCK                                                             04/23/2020 18:21:07 PAGE 2   

  56   3                      }
  57   2                      
  58   2              }
  59   1      }
  60          void T0_time() interrupt 1
  61          {
  62   1              TH0 = 15536/256;//获取高八位
  63   1              TL0 = 15536%256;//获取低八位，一次中断为0.05s
  64   1              t += 1;
  65   1              if(t == 20)
  66   1              {
  67   2                      t = 0;
  68   2                      num += 1;
  69   2              }
  70   1              if(num>999999) num = 0; //错过范围清零
  71   1      }


MODULE INFORMATION:   STATIC OVERLAYABLE
   CODE SIZE        =    298    ----
   CONSTANT SIZE    =     16    ----
   XDATA SIZE       =   ----    ----
   PDATA SIZE       =   ----    ----
   DATA SIZE        =      4       9
   IDATA SIZE       =   ----    ----
   BIT SIZE         =   ----    ----
END OF MODULE INFORMATION.


C51 COMPILATION COMPLETE.  0 WARNING(S),  0 ERROR(S)
