C51 COMPILER V9.57.0.0   MAIN                                                              04/23/2020 21:10:18 PAGE 1   


C51 COMPILER V9.57.0.0, COMPILATION OF MODULE MAIN
OBJECT MODULE PLACED IN main.OBJ
COMPILER INVOKED BY: D:\Keil_v5\C51\BIN\C51.EXE main.c BROWSE DEBUG OBJECTEXTEND

line level    source

   1          #include<reg52.h>
   2          #include<intrins.h>
   3          #define uint unsigned int 
   4          #define uchar unsigned char
   5          sbit dula = P2^6;//段选端
   6          sbit wela = P2^7;//位选端
   7          sbit LED = P2^5;//流水灯
   8          sbit buzz = P3^5;
   9          uchar led = 0xaa;
  10          uchar code table[] = {
  11          0x3f,0x06,0x5b,0x4f,0x66,
  12          0x6d,0x7d,0x07,0x7f,0x6f
  13          };
  14          uint t = 0;
  15          uint num = 0;
  16          void delay(uint xms)
  17          {
  18   1              int i,j;
  19   1              for(i = xms; i > 0; i--)
  20   1              {
  21   2                      for(j = 250; j > 0; j--)
  22   2                      {
  23   3                              ;
  24   3                      }
  25   2              }
  26   1      }
  27          void main()
  28          {
  29   1              uint temp;
  30   1              int i;
  31   1              uchar wei,times[6] = {0};
  32   1              buzz = 0;//关闭蜂鸣器
  33   1              TMOD = 0x51;//设置工作方式(计数器1，定时器0)
  34   1              TH0 = 15536/256;//获取高八位
  35   1              TL0 = 15536%256;//获取低八位，一次中断为0.05s
  36   1              TH1 = 0;
  37   1              TL1 = 0;
  38   1              EA = 1;//开总中断
  39   1              ET0 = 1;//开定时器0
  40   1              ET1 = 1;//开计数器1
  41   1              TR0 = 1;//启动定时器0
  42   1              TR1 = 0;
  43   1              LED = 1;
  44   1              P0 = led;
  45   1              LED = 0;
  46   1              while(1)
  47   1              {
  48   2                      temp = num;
  49   2                      i = 5;
  50   2                      while(i)        
  51   2                      {
  52   3                              times[i--] = temp%10;
  53   3                              temp /= 10;
  54   3                      }
  55   2                      wei = 0xdf;
C51 COMPILER V9.57.0.0   MAIN                                                              04/23/2020 21:10:18 PAGE 2   

  56   2                      for(i = 5; i >= 0; i--)
  57   2                      {
  58   3                              dula = 1;
  59   3                              P0 = table[times[i]];
  60   3                              dula = 0;
  61   3                              wela = 1;
  62   3                              P0 = wei;
  63   3                              wela = 0;
  64   3                              wei = _crol_(wei,-1);
  65   3                              P0 = 0x00;//消隐
  66   3                              delay(2);
  67   3                      }
  68   2                      if(num == 50) delay(100000);
  69   2              }
  70   1      }
  71          void T0_time() interrupt 1
  72          {
  73   1              TH0 = 15536/256;//获取高八位
  74   1              TL0 = 15536%256;//获取低八位，一次中断为0.05s
  75   1              t += 1;
  76   1              if(t == 20)
  77   1              {
  78   2                      t = 0;
  79   2                      num++ ;
  80   2                      LED = 1;
  81   2                      led = ~led;
  82   2                      P0 = led;
  83   2                      LED = 0;
  84   2                      buzz = ~buzz;
  85   2              }       
  86   1      }


MODULE INFORMATION:   STATIC OVERLAYABLE
   CODE SIZE        =    261    ----
   CONSTANT SIZE    =     16    ----
   XDATA SIZE       =   ----    ----
   PDATA SIZE       =   ----    ----
   DATA SIZE        =      5       8
   IDATA SIZE       =   ----    ----
   BIT SIZE         =   ----    ----
END OF MODULE INFORMATION.


C51 COMPILATION COMPLETE.  0 WARNING(S),  0 ERROR(S)
